[debug] [2020-04-26T22:01:37.094Z] ----------------------------------------------------------------------
[debug] [2020-04-26T22:01:37.097Z] Command:       /usr/local/bin/node /usr/local/bin/firebase serve
[debug] [2020-04-26T22:01:37.097Z] CLI Version:   8.1.1
[debug] [2020-04-26T22:01:37.097Z] Platform:      darwin
[debug] [2020-04-26T22:01:37.097Z] Node Version:  v12.13.1
[debug] [2020-04-26T22:01:37.100Z] Time:          Mon Apr 27 2020 03:31:37 GMT+0530 (India Standard Time)
[debug] [2020-04-26T22:01:37.100Z] ----------------------------------------------------------------------
[debug] [2020-04-26T22:01:37.100Z] 
[debug] [2020-04-26T22:01:37.121Z] > command requires scopes: ["email","openid","https://www.googleapis.com/auth/cloudplatformprojects.readonly","https://www.googleapis.com/auth/firebase","https://www.googleapis.com/auth/cloud-platform"]
[debug] [2020-04-26T22:01:37.121Z] > authorizing via signed-in user
[debug] [2020-04-26T22:01:37.122Z] [iam] checking project socialapp-98dd7 for permissions ["firebase.projects.get"]
[debug] [2020-04-26T22:01:37.125Z] > refreshing access token with scopes: ["email","https://www.googleapis.com/auth/cloud-platform","https://www.googleapis.com/auth/cloudplatformprojects.readonly","https://www.googleapis.com/auth/firebase","openid"]
[debug] [2020-04-26T22:01:37.125Z] >>> HTTP REQUEST POST https://www.googleapis.com/oauth2/v3/token  
 <request body omitted>
[debug] [2020-04-26T22:01:37.377Z] <<< HTTP RESPONSE 200 {"content-type":"application/json; charset=utf-8","vary":"X-Origin, Referer, Origin,Accept-Encoding","date":"Sun, 26 Apr 2020 22:01:39 GMT","server":"scaffolding on HTTPServer2","cache-control":"private","x-xss-protection":"0","x-frame-options":"SAMEORIGIN","x-content-type-options":"nosniff","alt-svc":"quic=\":443\"; ma=2592000; v=\"46,43\",h3-Q050=\":443\"; ma=2592000,h3-Q049=\":443\"; ma=2592000,h3-Q048=\":443\"; ma=2592000,h3-Q046=\":443\"; ma=2592000,h3-Q043=\":443\"; ma=2592000,h3-T050=\":443\"; ma=2592000","accept-ranges":"none","transfer-encoding":"chunked"}
[debug] [2020-04-26T22:01:37.399Z] >>> HTTP REQUEST POST https://cloudresourcemanager.googleapis.com/v1/projects/socialapp-98dd7:testIamPermissions  
 {"permissions":["firebase.projects.get"]}
[debug] [2020-04-26T22:01:39.205Z] <<< HTTP RESPONSE 200 {"content-type":"application/json; charset=UTF-8","vary":"X-Origin, Referer, Origin,Accept-Encoding","date":"Sun, 26 Apr 2020 22:01:40 GMT","server":"ESF","cache-control":"private","x-xss-protection":"0","x-frame-options":"SAMEORIGIN","x-content-type-options":"nosniff","server-timing":"gfet4t7; dur=1565","alt-svc":"quic=\":443\"; ma=2592000; v=\"46,43\",h3-Q050=\":443\"; ma=2592000,h3-Q049=\":443\"; ma=2592000,h3-Q048=\":443\"; ma=2592000,h3-Q046=\":443\"; ma=2592000,h3-Q043=\":443\"; ma=2592000,h3-T050=\":443\"; ma=2592000","accept-ranges":"none","transfer-encoding":"chunked"}
[debug] [2020-04-26T22:01:39.206Z] >>> HTTP REQUEST GET https://firebase.googleapis.com/v1beta1/projects/socialapp-98dd7  
 
[debug] [2020-04-26T22:01:39.751Z] <<< HTTP RESPONSE 200 {"content-type":"application/json; charset=UTF-8","vary":"X-Origin, Referer, Origin,Accept-Encoding","date":"Sun, 26 Apr 2020 22:01:41 GMT","server":"ESF","cache-control":"private","x-xss-protection":"0","x-frame-options":"SAMEORIGIN","x-content-type-options":"nosniff","alt-svc":"quic=\":443\"; ma=2592000; v=\"46,43\",h3-Q050=\":443\"; ma=2592000,h3-Q049=\":443\"; ma=2592000,h3-Q048=\":443\"; ma=2592000,h3-Q046=\":443\"; ma=2592000,h3-Q043=\":443\"; ma=2592000,h3-T050=\":443\"; ma=2592000","accept-ranges":"none","transfer-encoding":"chunked"}
[info] 
[info] === Serving from '/Users/shashankupadhyay/Desktop/Social-app'...
[info] 
[warn] ⚠  Your requested "node" version "8" doesn't match your global version "12"
[info] ✔  functions: functions emulator started at http://localhost:5000
[info] i  functions: Watching "/Users/shashankupadhyay/Desktop/Social-app/functions" for Cloud Functions...
[debug] [2020-04-26T22:01:39.808Z] [worker-pool] addWorker(~diagnostic~) 
[debug] [2020-04-26T22:01:39.808Z] [worker-pool] Adding worker with key ~diagnostic~, total=1 
[debug] [2020-04-26T22:01:39.808Z] [worker-pool] submitWork(triggerId=) 
[debug] [2020-04-26T22:01:39.809Z] [worker-~diagnostic~-494be6bb-947e-44ba-8499-c04f2b5d858d]: Assigning socketPath: /var/folders/1b/vd8k2g611vbg1m527nb8jzrh0000gn/T/fire_emu_5882.sock 
[debug] [2020-04-26T22:01:39.809Z] [worker-~diagnostic~-494be6bb-947e-44ba-8499-c04f2b5d858d]: BUSY 
[debug] [2020-04-26T22:01:40.930Z] [runtime-status] [5882] Functions runtime initialized. {"cwd":"/Users/shashankupadhyay/Desktop/Social-app/functions","node_version":"12.13.1"} 
[debug] [2020-04-26T22:01:40.932Z] [runtime-status] [5882] Disabled runtime features: undefined 
[debug] [2020-04-26T22:01:40.940Z] [runtime-status] [5882] Resolved module firebase-admin {"declared":true,"installed":true,"version":"8.10.0","resolution":"/Users/shashankupadhyay/Desktop/Social-app/functions/node_modules/firebase-admin/lib/index.js"} 
[debug] [2020-04-26T22:01:40.952Z] [runtime-status] [5882] Resolved module firebase-functions {"declared":true,"installed":true,"version":"3.6.0","resolution":"/Users/shashankupadhyay/Desktop/Social-app/functions/node_modules/firebase-functions/lib/index.js"} 
[debug] [2020-04-26T22:01:40.955Z] [runtime-status] [5882] Outgoing network have been stubbed. [{"name":"http","status":"mocked"},{"name":"http","status":"mocked"},{"name":"https","status":"mocked"},{"name":"https","status":"mocked"},{"name":"net","status":"mocked"}] 
[debug] [2020-04-26T22:01:41.060Z] [runtime-status] [5882] Checked functions.config() {"config":{}} 
[debug] [2020-04-26T22:01:41.061Z] [runtime-status] [5882] Resolved module firebase-functions {"declared":true,"installed":true,"version":"3.6.0","resolution":"/Users/shashankupadhyay/Desktop/Social-app/functions/node_modules/firebase-functions/lib/index.js"} 
[debug] [2020-04-26T22:01:41.063Z] [runtime-status] [5882] Resolved module firebase-admin {"declared":true,"installed":true,"version":"8.10.0","resolution":"/Users/shashankupadhyay/Desktop/Social-app/functions/node_modules/firebase-admin/lib/index.js"} 
[debug] [2020-04-26T22:01:41.064Z] [runtime-status] [5882] Resolved module firebase-functions {"declared":true,"installed":true,"version":"3.6.0","resolution":"/Users/shashankupadhyay/Desktop/Social-app/functions/node_modules/firebase-functions/lib/index.js"} 
[debug] [2020-04-26T22:01:41.065Z] [runtime-status] [5882] firebase-admin has been stubbed. {"adminResolution":{"declared":true,"installed":true,"version":"8.10.0","resolution":"/Users/shashankupadhyay/Desktop/Social-app/functions/node_modules/firebase-admin/lib/index.js"}} 
[debug] [2020-04-26T22:01:41.430Z] [runtime-status] [5882] initializeApp(DEFAULT) {"databaseURL":"https://socialapp-98dd7.firebaseio.com","storageBucket":"socialapp-98dd7.appspot.com","projectId":"socialapp-98dd7"} 
[warn] ⚠  functions: The Cloud Firestore emulator is not running, so calls to Firestore will affect production.
[info] ✔  functions[api]: http function initialized (http://localhost:5000/socialapp-98dd7/us-central1/api).
[info] i  functions[createNotificationOnLike]: function ignored because the firestore emulator does not exist or is not running.
[info] i  functions[deleteNotificationOnUnLike]: function ignored because the firestore emulator does not exist or is not running.
[info] i  functions[createNotificationOnComment]: function ignored because the firestore emulator does not exist or is not running.
[info] i  functions[onUserImageChange]: function ignored because the firestore emulator does not exist or is not running.
[info] i  functions[onScreamDelete]: function ignored because the firestore emulator does not exist or is not running.
[debug] [2020-04-26T22:01:42.840Z] [worker-~diagnostic~-494be6bb-947e-44ba-8499-c04f2b5d858d]: IDLE 
[debug] [2020-04-26T22:02:36.329Z] [work-queue] {"queueLength":1,"workRunningCount":0}
[debug] [2020-04-26T22:02:36.330Z] [work-queue] {"queueLength":0,"workRunningCount":1}
[debug] [2020-04-26T22:02:36.330Z] Accepted request POST /socialapp-98dd7/us-central1/api/signup --> api
[debug] [2020-04-26T22:02:36.338Z] [worker-pool] addWorker(api) 
[debug] [2020-04-26T22:02:36.339Z] [worker-pool] Adding worker with key api, total=1 
[debug] [2020-04-26T22:02:36.339Z] [worker-pool] submitWork(triggerId=api) 
[debug] [2020-04-26T22:02:36.339Z] [worker-api-33b132cd-3e29-4f82-91aa-37c0f2f69811]: Assigning socketPath: /var/folders/1b/vd8k2g611vbg1m527nb8jzrh0000gn/T/fire_emu_5884.sock 
[debug] [2020-04-26T22:02:36.339Z] [worker-api-33b132cd-3e29-4f82-91aa-37c0f2f69811]: BUSY 
[debug] [2020-04-26T22:02:37.408Z] [runtime-status] [5884] Functions runtime initialized. {"cwd":"/Users/shashankupadhyay/Desktop/Social-app/functions","node_version":"12.13.1"} 
[debug] [2020-04-26T22:02:37.408Z] [runtime-status] [5884] Disabled runtime features: undefined 
[debug] [2020-04-26T22:02:37.414Z] [runtime-status] [5884] Resolved module firebase-admin {"declared":true,"installed":true,"version":"8.10.0","resolution":"/Users/shashankupadhyay/Desktop/Social-app/functions/node_modules/firebase-admin/lib/index.js"} 
[debug] [2020-04-26T22:02:37.417Z] [runtime-status] [5884] Resolved module firebase-functions {"declared":true,"installed":true,"version":"3.6.0","resolution":"/Users/shashankupadhyay/Desktop/Social-app/functions/node_modules/firebase-functions/lib/index.js"} 
[debug] [2020-04-26T22:02:37.421Z] [runtime-status] [5884] Outgoing network have been stubbed. [{"name":"http","status":"mocked"},{"name":"http","status":"mocked"},{"name":"https","status":"mocked"},{"name":"https","status":"mocked"},{"name":"net","status":"mocked"}] 
[debug] [2020-04-26T22:02:37.514Z] [runtime-status] [5884] Checked functions.config() {"config":{}} 
[debug] [2020-04-26T22:02:37.515Z] [runtime-status] [5884] Resolved module firebase-functions {"declared":true,"installed":true,"version":"3.6.0","resolution":"/Users/shashankupadhyay/Desktop/Social-app/functions/node_modules/firebase-functions/lib/index.js"} 
[debug] [2020-04-26T22:02:37.516Z] [runtime-status] [5884] Resolved module firebase-admin {"declared":true,"installed":true,"version":"8.10.0","resolution":"/Users/shashankupadhyay/Desktop/Social-app/functions/node_modules/firebase-admin/lib/index.js"} 
[debug] [2020-04-26T22:02:37.517Z] [runtime-status] [5884] Resolved module firebase-functions {"declared":true,"installed":true,"version":"3.6.0","resolution":"/Users/shashankupadhyay/Desktop/Social-app/functions/node_modules/firebase-functions/lib/index.js"} 
[debug] [2020-04-26T22:02:37.517Z] [runtime-status] [5884] firebase-admin has been stubbed. {"adminResolution":{"declared":true,"installed":true,"version":"8.10.0","resolution":"/Users/shashankupadhyay/Desktop/Social-app/functions/node_modules/firebase-admin/lib/index.js"}} 
[debug] [2020-04-26T22:02:37.799Z] [runtime-status] [5884] initializeApp(DEFAULT) {"databaseURL":"https://socialapp-98dd7.firebaseio.com","storageBucket":"socialapp-98dd7.appspot.com","projectId":"socialapp-98dd7"} 
[warn] ⚠  functions: The Cloud Firestore emulator is not running, so calls to Firestore will affect production.
[debug] [2020-04-26T22:02:38.952Z] [runtime-status] [5884] Trigger "api" has been found, beginning invocation! 
[info] i  functions: Beginning execution of "api"
[debug] [2020-04-26T22:02:38.952Z] [runtime-status] [5884] triggerDefinition {"httpsTrigger":{},"name":"api","entryPoint":"api"} 
[debug] [2020-04-26T22:02:38.952Z] [runtime-status] [5884] Running api in mode HTTPS 
[debug] [2020-04-26T22:02:38.958Z] [runtime-status] [5884] Attempting to listen to socketPath: /var/folders/1b/vd8k2g611vbg1m527nb8jzrh0000gn/T/fire_emu_5884.sock 
[debug] [2020-04-26T22:02:38.965Z] [functions] Runtime ready! Sending request! 
[debug] [2020-04-26T22:02:39.013Z] [runtime-status] [5884] Ephemeral server handling POST request 
[debug] [2020-04-26T22:02:39.022Z] [runtime-status] [5884] Ephemeral server survived. 
[info] i  functions: Finished "api" in ~1s
[debug] [2020-04-26T22:02:39.025Z] [worker-api-33b132cd-3e29-4f82-91aa-37c0f2f69811]: IDLE 
[debug] [2020-04-26T22:02:39.025Z] [work-queue] {"queueLength":0,"workRunningCount":0}
